<testsuite name="Testem Tests" tests="24" skipped="0" failures="0" timestamp="Sun Feb 13 2022 09:57:58 GMT-0600 (Central Standard Time)" time="2.262"><testcase classname="Chrome 98.0" name="Number parseInt('bananas') _.isNumber is true" time="0"/><testcase classname="Chrome 98.0" name="Number parseInt('bananas') typeof is 'number'" time="0"/><testcase classname="Chrome 98.0" name="Number parseInt('bananas') NaN is true" time="0"/><testcase classname="Chrome 98.0" name="Number parseInt('bananas') NaN reflectiveness bananas === bananas is false" time="0"/><testcase classname="Chrome 98.0" name="Number parseInt('bananas') NaN reflectiveness bananas == bananas is false" time="0"/><testcase classname="Chrome 98.0" name="Number _.parseInt('bananas') _.isNumber is true" time="0"/><testcase classname="Chrome 98.0" name="Number _.parseInt('bananas') typeof is 'number'" time="0"/><testcase classname="Chrome 98.0" name="Number _.parseInt('bananas') NaN is true" time="0"/><testcase classname="Chrome 98.0" name="Number _.parseInt('bananas') NaN reflectiveness bananas === bananas is false" time="0"/><testcase classname="Chrome 98.0" name="Number _.parseInt('bananas') NaN reflectiveness bananas == bananas is false" time="0"/><testcase classname="Chrome 98.0" name="Number MAX_VALUE is > 0" time="0"/><testcase classname="Chrome 98.0" name="Number MIN_VALUE is close to 0" time="0"/><testcase classname="Firefox 96.0" name="Number parseInt('bananas') _.isNumber is true" time="0"/><testcase classname="Firefox 96.0" name="Number parseInt('bananas') typeof is 'number'" time="0"/><testcase classname="Firefox 96.0" name="Number parseInt('bananas') NaN is true" time="0"/><testcase classname="Firefox 96.0" name="Number parseInt('bananas') NaN reflectiveness bananas === bananas is false" time="0"/><testcase classname="Firefox 96.0" name="Number parseInt('bananas') NaN reflectiveness bananas == bananas is false" time="0"/><testcase classname="Firefox 96.0" name="Number _.parseInt('bananas') _.isNumber is true" time="0"/><testcase classname="Firefox 96.0" name="Number _.parseInt('bananas') typeof is 'number'" time="0"/><testcase classname="Firefox 96.0" name="Number _.parseInt('bananas') NaN is true" time="0"/><testcase classname="Firefox 96.0" name="Number _.parseInt('bananas') NaN reflectiveness bananas === bananas is false" time="0"/><testcase classname="Firefox 96.0" name="Number _.parseInt('bananas') NaN reflectiveness bananas == bananas is false" time="0"/><testcase classname="Firefox 96.0" name="Number MAX_VALUE is > 0" time="0"/><testcase classname="Firefox 96.0" name="Number MIN_VALUE is close to 0" time="0"/></testsuite>
